# JRE version: OpenJDK Runtime Environment (8.0_181-b13) (build 1.8.0_181-8u181-b13-0ubuntu0.18.04.1-b13)
# Java VM: OpenJDK 64-Bit Server VM (25.181-b13 mixed mode linux-amd64 compressed oops)
Heap:
 PSYoungGen      total 227840K, used 46898K [0x00000000f0000000, 0x0000000100000000, 0x0000000100000000)
  eden space 192512K, 16% used [0x00000000f0000000,0x00000000f1ee2258,0x00000000fbc00000)
  from space 35328K, 43% used [0x00000000fdd80000,0x00000000fec6a928,0x0000000100000000)
  to   space 34304K, 0% used [0x00000000fbc00000,0x00000000fbc00000,0x00000000fdd80000)
 ParOldGen       total 524288K, used 109981K [0x00000000d0000000, 0x00000000f0000000, 0x00000000f0000000)
  object space 524288K, 20% used [0x00000000d0000000,0x00000000d6b67470,0x00000000f0000000)
 Metaspace       used 70283K, capacity 75660K, committed 75864K, reserved 1114112K
  class space    used 9173K, capacity 11035K, committed 11136K, reserved 1048576K
GC Heap History (10 events):
Event: 1451.420 GC heap before
{Heap before GC invocations=47 (full 3):
 PSYoungGen      total 225280K, used 194869K [0x00000000f0000000, 0x0000000100000000, 0x0000000100000000)
  eden space 188416K, 100% used [0x00000000f0000000,0x00000000fb800000,0x00000000fb800000)
  from space 36864K, 17% used [0x00000000fb800000,0x00000000fbe4d4c8,0x00000000fdc00000)
  to   space 36864K, 0% used [0x00000000fdc00000,0x00000000fdc00000,0x0000000100000000)
 ParOldGen       total 524288K, used 108290K [0x00000000d0000000, 0x00000000f0000000, 0x00000000f0000000)
  object space 524288K, 20% used [0x00000000d0000000,0x00000000d69c0a88,0x00000000f0000000)
 Metaspace       used 68236K, capacity 73140K, committed 73304K, reserved 1112064K
  class space    used 8905K, capacity 10586K, committed 10624K, reserved 1048576K
Event: 1451.434 GC heap after
Heap after GC invocations=47 (full 3):
 PSYoungGen      total 225280K, used 5520K [0x00000000f0000000, 0x0000000100000000, 0x0000000100000000)
  eden space 188416K, 0% used [0x00000000f0000000,0x00000000f0000000,0x00000000fb800000)
  from space 36864K, 14% used [0x00000000fdc00000,0x00000000fe164010,0x0000000100000000)
  to   space 36864K, 0% used [0x00000000fb800000,0x00000000fb800000,0x00000000fdc00000)
 ParOldGen       total 524288K, used 108994K [0x00000000d0000000, 0x00000000f0000000, 0x00000000f0000000)
  object space 524288K, 20% used [0x00000000d0000000,0x00000000d6a70aa8,0x00000000f0000000)
 Metaspace       used 68236K, capacity 73140K, committed 73304K, reserved 1112064K
  class space    used 8905K, capacity 10586K, committed 10624K, reserved 1048576K
}
Event: 1612.105 GC heap before
{Heap before GC invocations=48 (full 3):
 PSYoungGen      total 225280K, used 193936K [0x00000000f0000000, 0x0000000100000000, 0x0000000100000000)
  eden space 188416K, 100% used [0x00000000f0000000,0x00000000fb800000,0x00000000fb800000)
  from space 36864K, 14% used [0x00000000fdc00000,0x00000000fe164010,0x0000000100000000)
  to   space 36864K, 0% used [0x00000000fb800000,0x00000000fb800000,0x00000000fdc00000)
 ParOldGen       total 524288K, used 108994K [0x00000000d0000000, 0x00000000f0000000, 0x00000000f0000000)
  object space 524288K, 20% used [0x00000000d0000000,0x00000000d6a70aa8,0x00000000f0000000)
 Metaspace       used 68382K, capacity 73380K, committed 73688K, reserved 1112064K
  class space    used 8934K, capacity 10666K, committed 10752K, reserved 1048576K
Event: 1612.111 GC heap after
Heap after GC invocations=48 (full 3):
 PSYoungGen      total 225280K, used 5344K [0x00000000f0000000, 0x0000000100000000, 0x0000000100000000)
  eden space 188416K, 0% used [0x00000000f0000000,0x00000000f0000000,0x00000000fb800000)
  from space 36864K, 14% used [0x00000000fb800000,0x00000000fbd38000,0x00000000fdc00000)
  to   space 36352K, 0% used [0x00000000fdc80000,0x00000000fdc80000,0x0000000100000000)
 ParOldGen       total 524288K, used 109693K [0x00000000d0000000, 0x00000000f0000000, 0x00000000f0000000)
  object space 524288K, 20% used [0x00000000d0000000,0x00000000d6b1f470,0x00000000f0000000)
 Metaspace       used 68382K, capacity 73380K, committed 73688K, reserved 1112064K
  class space    used 8934K, capacity 10666K, committed 10752K, reserved 1048576K
}
Event: 2486.411 GC heap before
{Heap before GC invocations=49 (full 3):
 PSYoungGen      total 225280K, used 193760K [0x00000000f0000000, 0x0000000100000000, 0x0000000100000000)
  eden space 188416K, 100% used [0x00000000f0000000,0x00000000fb800000,0x00000000fb800000)
  from space 36864K, 14% used [0x00000000fb800000,0x00000000fbd38000,0x00000000fdc00000)
  to   space 36352K, 0% used [0x00000000fdc80000,0x00000000fdc80000,0x0000000100000000)
 ParOldGen       total 524288K, used 109693K [0x00000000d0000000, 0x00000000f0000000, 0x00000000f0000000)
  object space 524288K, 20% used [0x00000000d0000000,0x00000000d6b1f470,0x00000000f0000000)
 Metaspace       used 68535K, capacity 73620K, committed 73688K, reserved 1112064K
  class space    used 8966K, capacity 10746K, committed 10752K, reserved 1048576K
Event: 2486.417 GC heap after
Heap after GC invocations=49 (full 3):
 PSYoungGen      total 226304K, used 4736K [0x00000000f0000000, 0x0000000100000000, 0x0000000100000000)
  eden space 189952K, 0% used [0x00000000f0000000,0x00000000f0000000,0x00000000fb980000)
  from space 36352K, 13% used [0x00000000fdc80000,0x00000000fe120000,0x0000000100000000)
  to   space 35840K, 0% used [0x00000000fb980000,0x00000000fb980000,0x00000000fdc80000)
 ParOldGen       total 524288K, used 109829K [0x00000000d0000000, 0x00000000f0000000, 0x00000000f0000000)
  object space 524288K, 20% used [0x00000000d0000000,0x00000000d6b41470,0x00000000f0000000)
 Metaspace       used 68535K, capacity 73620K, committed 73688K, reserved 1112064K
  class space    used 8966K, capacity 10746K, committed 10752K, reserved 1048576K
}
Event: 2896.681 GC heap before
{Heap before GC invocations=50 (full 3):
 PSYoungGen      total 226304K, used 194688K [0x00000000f0000000, 0x0000000100000000, 0x0000000100000000)
  eden space 189952K, 100% used [0x00000000f0000000,0x00000000fb980000,0x00000000fb980000)
  from space 36352K, 13% used [0x00000000fdc80000,0x00000000fe120000,0x0000000100000000)
  to   space 35840K, 0% used [0x00000000fb980000,0x00000000fb980000,0x00000000fdc80000)
 ParOldGen       total 524288K, used 109829K [0x00000000d0000000, 0x00000000f0000000, 0x00000000f0000000)
  object space 524288K, 20% used [0x00000000d0000000,0x00000000d6b41470,0x00000000f0000000)
 Metaspace       used 68878K, capacity 74096K, committed 74328K, reserved 1112064K
  class space    used 9018K, capacity 10860K, committed 10880K, reserved 1048576K
Event: 2896.689 GC heap after
Heap after GC invocations=50 (full 3):
 PSYoungGen      total 225792K, used 3188K [0x00000000f0000000, 0x0000000100000000, 0x0000000100000000)
  eden space 189952K, 0% used [0x00000000f0000000,0x00000000f0000000,0x00000000fb980000)
  from space 35840K, 8% used [0x00000000fb980000,0x00000000fbc9d0f0,0x00000000fdc80000)
  to   space 35328K, 0% used [0x00000000fdd80000,0x00000000fdd80000,0x0000000100000000)
 ParOldGen       total 524288K, used 109917K [0x00000000d0000000, 0x00000000f0000000, 0x00000000f0000000)
  object space 524288K, 20% used [0x00000000d0000000,0x00000000d6b57470,0x00000000f0000000)
 Metaspace       used 68878K, capacity 74096K, committed 74328K, reserved 1112064K
  class space    used 9018K, capacity 10860K, committed 10880K, reserved 1048576K
}
Event: 2897.713 GC heap before
{Heap before GC invocations=51 (full 3):
 PSYoungGen      total 225792K, used 193140K [0x00000000f0000000, 0x0000000100000000, 0x0000000100000000)
  eden space 189952K, 100% used [0x00000000f0000000,0x00000000fb980000,0x00000000fb980000)
  from space 35840K, 8% used [0x00000000fb980000,0x00000000fbc9d0f0,0x00000000fdc80000)
  to   space 35328K, 0% used [0x00000000fdd80000,0x00000000fdd80000,0x0000000100000000)
 ParOldGen       total 524288K, used 109917K [0x00000000d0000000, 0x00000000f0000000, 0x00000000f0000000)
  object space 524288K, 20% used [0x00000000d0000000,0x00000000d6b57470,0x00000000f0000000)
 Metaspace       used 70154K, capacity 75560K, committed 75864K, reserved 1114112K
  class space    used 9151K, capacity 11026K, committed 11136K, reserved 1048576K
Event: 2897.724 GC heap after
Heap after GC invocations=51 (full 3):
 PSYoungGen      total 227840K, used 15274K [0x00000000f0000000, 0x0000000100000000, 0x0000000100000000)
  eden space 192512K, 0% used [0x00000000f0000000,0x00000000f0000000,0x00000000fbc00000)
  from space 35328K, 43% used [0x00000000fdd80000,0x00000000fec6a928,0x0000000100000000)
  to   space 34304K, 0% used [0x00000000fbc00000,0x00000000fbc00000,0x00000000fdd80000)
 ParOldGen       total 524288K, used 109981K [0x00000000d0000000, 0x00000000f0000000, 0x00000000f0000000)
  object space 524288K, 20% used [0x00000000d0000000,0x00000000d6b67470,0x00000000f0000000)
 Metaspace       used 70154K, capacity 75560K, committed 75864K, reserved 1114112K
  class space    used 9151K, capacity 11026K, committed 11136K, reserved 1048576K
}

