# JRE version: OpenJDK Runtime Environment (8.0_181-b13) (build 1.8.0_181-8u181-b13-0ubuntu0.18.04.1-b13)
# Java VM: OpenJDK 64-Bit Server VM (25.181-b13 mixed mode linux-amd64 compressed oops)
Heap:
 PSYoungGen      total 230912K, used 171916K [0x00000000f0000000, 0x0000000100000000, 0x0000000100000000)
  eden space 201216K, 74% used [0x00000000f0000000,0x00000000f9348e70,0x00000000fc480000)
  from space 29696K, 71% used [0x00000000fc480000,0x00000000fd91a4d0,0x00000000fe180000)
  to   space 31232K, 0% used [0x00000000fe180000,0x00000000fe180000,0x0000000100000000)
 ParOldGen       total 524288K, used 105875K [0x00000000d0000000, 0x00000000f0000000, 0x00000000f0000000)
  object space 524288K, 20% used [0x00000000d0000000,0x00000000d6764fc0,0x00000000f0000000)
 Metaspace       used 70204K, capacity 75338K, committed 75608K, reserved 1114112K
  class space    used 9206K, capacity 10766K, committed 10880K, reserved 1048576K
GC Heap History (10 events):
Event: 1077.144 GC heap before
{Heap before GC invocations=38 (full 3):
 PSYoungGen      total 225792K, used 196840K [0x00000000f0000000, 0x0000000100000000, 0x0000000100000000)
  eden space 187904K, 100% used [0x00000000f0000000,0x00000000fb780000,0x00000000fb780000)
  from space 37888K, 23% used [0x00000000fdb00000,0x00000000fe3ba128,0x0000000100000000)
  to   space 36352K, 0% used [0x00000000fb780000,0x00000000fb780000,0x00000000fdb00000)
 ParOldGen       total 524288K, used 105835K [0x00000000d0000000, 0x00000000f0000000, 0x00000000f0000000)
  object space 524288K, 20% used [0x00000000d0000000,0x00000000d675afc0,0x00000000f0000000)
 Metaspace       used 68192K, capacity 73044K, committed 73176K, reserved 1112064K
  class space    used 8948K, capacity 10411K, committed 10496K, reserved 1048576K
Event: 1077.153 GC heap after
Heap after GC invocations=38 (full 3):
 PSYoungGen      total 224256K, used 9912K [0x00000000f0000000, 0x0000000100000000, 0x0000000100000000)
  eden space 187904K, 0% used [0x00000000f0000000,0x00000000f0000000,0x00000000fb780000)
  from space 36352K, 27% used [0x00000000fb780000,0x00000000fc12e118,0x00000000fdb00000)
  to   space 34816K, 0% used [0x00000000fde00000,0x00000000fde00000,0x0000000100000000)
 ParOldGen       total 524288K, used 105843K [0x00000000d0000000, 0x00000000f0000000, 0x00000000f0000000)
  object space 524288K, 20% used [0x00000000d0000000,0x00000000d675cfc0,0x00000000f0000000)
 Metaspace       used 68192K, capacity 73044K, committed 73176K, reserved 1112064K
  class space    used 8948K, capacity 10411K, committed 10496K, reserved 1048576K
}
Event: 1121.351 GC heap before
{Heap before GC invocations=39 (full 3):
 PSYoungGen      total 224256K, used 197816K [0x00000000f0000000, 0x0000000100000000, 0x0000000100000000)
  eden space 187904K, 100% used [0x00000000f0000000,0x00000000fb780000,0x00000000fb780000)
  from space 36352K, 27% used [0x00000000fb780000,0x00000000fc12e118,0x00000000fdb00000)
  to   space 34816K, 0% used [0x00000000fde00000,0x00000000fde00000,0x0000000100000000)
 ParOldGen       total 524288K, used 105843K [0x00000000d0000000, 0x00000000f0000000, 0x00000000f0000000)
  object space 524288K, 20% used [0x00000000d0000000,0x00000000d675cfc0,0x00000000f0000000)
 Metaspace       used 68400K, capacity 73290K, committed 73432K, reserved 1112064K
  class space    used 8991K, capacity 10492K, committed 10496K, reserved 1048576K
Event: 1121.362 GC heap after
Heap after GC invocations=39 (full 3):
 PSYoungGen      total 228864K, used 10254K [0x00000000f0000000, 0x0000000100000000, 0x0000000100000000)
  eden space 194048K, 0% used [0x00000000f0000000,0x00000000f0000000,0x00000000fbd80000)
  from space 34816K, 29% used [0x00000000fde00000,0x00000000fe803ab0,0x0000000100000000)
  to   space 33280K, 0% used [0x00000000fbd80000,0x00000000fbd80000,0x00000000fde00000)
 ParOldGen       total 524288K, used 105851K [0x00000000d0000000, 0x00000000f0000000, 0x00000000f0000000)
  object space 524288K, 20% used [0x00000000d0000000,0x00000000d675efc0,0x00000000f0000000)
 Metaspace       used 68400K, capacity 73290K, committed 73432K, reserved 1112064K
  class space    used 8991K, capacity 10492K, committed 10496K, reserved 1048576K
}
Event: 1133.109 GC heap before
{Heap before GC invocations=40 (full 3):
 PSYoungGen      total 228864K, used 204302K [0x00000000f0000000, 0x0000000100000000, 0x0000000100000000)
  eden space 194048K, 100% used [0x00000000f0000000,0x00000000fbd80000,0x00000000fbd80000)
  from space 34816K, 29% used [0x00000000fde00000,0x00000000fe803ab0,0x0000000100000000)
  to   space 33280K, 0% used [0x00000000fbd80000,0x00000000fbd80000,0x00000000fde00000)
 ParOldGen       total 524288K, used 105851K [0x00000000d0000000, 0x00000000f0000000, 0x00000000f0000000)
  object space 524288K, 20% used [0x00000000d0000000,0x00000000d675efc0,0x00000000f0000000)
 Metaspace       used 68422K, capacity 73290K, committed 73432K, reserved 1112064K
  class space    used 8991K, capacity 10492K, committed 10496K, reserved 1048576K
Event: 1133.117 GC heap after
Heap after GC invocations=40 (full 3):
 PSYoungGen      total 227328K, used 10382K [0x00000000f0000000, 0x0000000100000000, 0x0000000100000000)
  eden space 194048K, 0% used [0x00000000f0000000,0x00000000f0000000,0x00000000fbd80000)
  from space 33280K, 31% used [0x00000000fbd80000,0x00000000fc7a3aa0,0x00000000fde00000)
  to   space 31232K, 0% used [0x00000000fe180000,0x00000000fe180000,0x0000000100000000)
 ParOldGen       total 524288K, used 105859K [0x00000000d0000000, 0x00000000f0000000, 0x00000000f0000000)
  object space 524288K, 20% used [0x00000000d0000000,0x00000000d6760fc0,0x00000000f0000000)
 Metaspace       used 68422K, capacity 73290K, committed 73432K, reserved 1112064K
  class space    used 8991K, capacity 10492K, committed 10496K, reserved 1048576K
}
Event: 1134.907 GC heap before
{Heap before GC invocations=41 (full 3):
 PSYoungGen      total 227328K, used 204430K [0x00000000f0000000, 0x0000000100000000, 0x0000000100000000)
  eden space 194048K, 100% used [0x00000000f0000000,0x00000000fbd80000,0x00000000fbd80000)
  from space 33280K, 31% used [0x00000000fbd80000,0x00000000fc7a3aa0,0x00000000fde00000)
  to   space 31232K, 0% used [0x00000000fe180000,0x00000000fe180000,0x0000000100000000)
 ParOldGen       total 524288K, used 105859K [0x00000000d0000000, 0x00000000f0000000, 0x00000000f0000000)
  object space 524288K, 20% used [0x00000000d0000000,0x00000000d6760fc0,0x00000000f0000000)
 Metaspace       used 68583K, capacity 73536K, committed 73816K, reserved 1112064K
  class space    used 9025K, capacity 10553K, committed 10624K, reserved 1048576K
Event: 1134.914 GC heap after
Heap after GC invocations=41 (full 3):
 PSYoungGen      total 232448K, used 10590K [0x00000000f0000000, 0x0000000100000000, 0x0000000100000000)
  eden space 201216K, 0% used [0x00000000f0000000,0x00000000f0000000,0x00000000fc480000)
  from space 31232K, 33% used [0x00000000fe180000,0x00000000febd7a90,0x0000000100000000)
  to   space 29696K, 0% used [0x00000000fc480000,0x00000000fc480000,0x00000000fe180000)
 ParOldGen       total 524288K, used 105867K [0x00000000d0000000, 0x00000000f0000000, 0x00000000f0000000)
  object space 524288K, 20% used [0x00000000d0000000,0x00000000d6762fc0,0x00000000f0000000)
 Metaspace       used 68583K, capacity 73536K, committed 73816K, reserved 1112064K
  class space    used 9025K, capacity 10553K, committed 10624K, reserved 1048576K
}
Event: 1189.694 GC heap before
{Heap before GC invocations=42 (full 3):
 PSYoungGen      total 232448K, used 211806K [0x00000000f0000000, 0x0000000100000000, 0x0000000100000000)
  eden space 201216K, 100% used [0x00000000f0000000,0x00000000fc480000,0x00000000fc480000)
  from space 31232K, 33% used [0x00000000fe180000,0x00000000febd7a90,0x0000000100000000)
  to   space 29696K, 0% used [0x00000000fc480000,0x00000000fc480000,0x00000000fe180000)
 ParOldGen       total 524288K, used 105867K [0x00000000d0000000, 0x00000000f0000000, 0x00000000f0000000)
  object space 524288K, 20% used [0x00000000d0000000,0x00000000d6762fc0,0x00000000f0000000)
 Metaspace       used 69647K, capacity 74646K, committed 74968K, reserved 1114112K
  class space    used 9153K, capacity 10680K, committed 10752K, reserved 1048576K
Event: 1189.704 GC heap after
Heap after GC invocations=42 (full 3):
 PSYoungGen      total 230912K, used 21097K [0x00000000f0000000, 0x0000000100000000, 0x0000000100000000)
  eden space 201216K, 0% used [0x00000000f0000000,0x00000000f0000000,0x00000000fc480000)
  from space 29696K, 71% used [0x00000000fc480000,0x00000000fd91a4d0,0x00000000fe180000)
  to   space 31232K, 0% used [0x00000000fe180000,0x00000000fe180000,0x0000000100000000)
 ParOldGen       total 524288K, used 105875K [0x00000000d0000000, 0x00000000f0000000, 0x00000000f0000000)
  object space 524288K, 20% used [0x00000000d0000000,0x00000000d6764fc0,0x00000000f0000000)
 Metaspace       used 69647K, capacity 74646K, committed 74968K, reserved 1114112K
  class space    used 9153K, capacity 10680K, committed 10752K, reserved 1048576K
}

