# JRE version: OpenJDK Runtime Environment (8.0_181-b13) (build 1.8.0_181-8u181-b13-0ubuntu0.18.04.1-b13)
# Java VM: OpenJDK 64-Bit Server VM (25.181-b13 mixed mode linux-amd64 compressed oops)
Heap:
 PSYoungGen      total 216576K, used 70244K [0x00000000f0000000, 0x0000000100000000, 0x0000000100000000)
  eden space 173056K, 25% used [0x00000000f0000000,0x00000000f2b4d4b8,0x00000000fa900000)
  from space 43520K, 59% used [0x00000000fa900000,0x00000000fc24bd78,0x00000000fd380000)
  to   space 43520K, 0% used [0x00000000fd580000,0x00000000fd580000,0x0000000100000000)
 ParOldGen       total 524288K, used 90603K [0x00000000d0000000, 0x00000000f0000000, 0x00000000f0000000)
  object space 524288K, 17% used [0x00000000d0000000,0x00000000d587add0,0x00000000f0000000)
 Metaspace       used 67314K, capacity 70324K, committed 70488K, reserved 1110016K
  class space    used 8584K, capacity 9575K, committed 9600K, reserved 1048576K
GC Heap History (10 events):
Event: 16.279 GC heap before
{Heap before GC invocations=28 (full 3):
 PSYoungGen      total 209920K, used 168852K [0x00000000f0000000, 0x0000000100000000, 0x0000000100000000)
  eden space 156160K, 100% used [0x00000000f0000000,0x00000000f9880000,0x00000000f9880000)
  from space 53760K, 23% used [0x00000000fcb80000,0x00000000fd7e5398,0x0000000100000000)
  to   space 52224K, 0% used [0x00000000f9880000,0x00000000f9880000,0x00000000fcb80000)
 ParOldGen       total 524288K, used 90563K [0x00000000d0000000, 0x00000000f0000000, 0x00000000f0000000)
  object space 524288K, 17% used [0x00000000d0000000,0x00000000d5870dd0,0x00000000f0000000)
 Metaspace       used 63249K, capacity 64958K, committed 65112K, reserved 1105920K
  class space    used 7933K, capacity 8544K, committed 8576K, reserved 1048576K
Event: 16.287 GC heap after
Heap after GC invocations=28 (full 3):
 PSYoungGen      total 208384K, used 14029K [0x00000000f0000000, 0x0000000100000000, 0x0000000100000000)
  eden space 156160K, 0% used [0x00000000f0000000,0x00000000f0000000,0x00000000f9880000)
  from space 52224K, 26% used [0x00000000f9880000,0x00000000fa6337f8,0x00000000fcb80000)
  to   space 50176K, 0% used [0x00000000fcf00000,0x00000000fcf00000,0x0000000100000000)
 ParOldGen       total 524288K, used 90571K [0x00000000d0000000, 0x00000000f0000000, 0x00000000f0000000)
  object space 524288K, 17% used [0x00000000d0000000,0x00000000d5872dd0,0x00000000f0000000)
 Metaspace       used 63249K, capacity 64958K, committed 65112K, reserved 1105920K
  class space    used 7933K, capacity 8544K, committed 8576K, reserved 1048576K
}
Event: 16.659 GC heap before
{Heap before GC invocations=29 (full 3):
 PSYoungGen      total 208384K, used 170189K [0x00000000f0000000, 0x0000000100000000, 0x0000000100000000)
  eden space 156160K, 100% used [0x00000000f0000000,0x00000000f9880000,0x00000000f9880000)
  from space 52224K, 26% used [0x00000000f9880000,0x00000000fa6337f8,0x00000000fcb80000)
  to   space 50176K, 0% used [0x00000000fcf00000,0x00000000fcf00000,0x0000000100000000)
 ParOldGen       total 524288K, used 90571K [0x00000000d0000000, 0x00000000f0000000, 0x00000000f0000000)
  object space 524288K, 17% used [0x00000000d0000000,0x00000000d5872dd0,0x00000000f0000000)
 Metaspace       used 63894K, capacity 65926K, committed 66008K, reserved 1105920K
  class space    used 8060K, capacity 8694K, committed 8704K, reserved 1048576K
Event: 16.669 GC heap after
Heap after GC invocations=29 (full 3):
 PSYoungGen      total 214016K, used 15748K [0x00000000f0000000, 0x0000000100000000, 0x0000000100000000)
  eden space 163840K, 0% used [0x00000000f0000000,0x00000000f0000000,0x00000000fa000000)
  from space 50176K, 31% used [0x00000000fcf00000,0x00000000fde613b0,0x0000000100000000)
  to   space 48128K, 0% used [0x00000000fa000000,0x00000000fa000000,0x00000000fcf00000)
 ParOldGen       total 524288K, used 90579K [0x00000000d0000000, 0x00000000f0000000, 0x00000000f0000000)
  object space 524288K, 17% used [0x00000000d0000000,0x00000000d5874dd0,0x00000000f0000000)
 Metaspace       used 63894K, capacity 65926K, committed 66008K, reserved 1105920K
  class space    used 8060K, capacity 8694K, committed 8704K, reserved 1048576K
}
Event: 25.810 GC heap before
{Heap before GC invocations=30 (full 3):
 PSYoungGen      total 214016K, used 179588K [0x00000000f0000000, 0x0000000100000000, 0x0000000100000000)
  eden space 163840K, 100% used [0x00000000f0000000,0x00000000fa000000,0x00000000fa000000)
  from space 50176K, 31% used [0x00000000fcf00000,0x00000000fde613b0,0x0000000100000000)
  to   space 48128K, 0% used [0x00000000fa000000,0x00000000fa000000,0x00000000fcf00000)
 ParOldGen       total 524288K, used 90579K [0x00000000d0000000, 0x00000000f0000000, 0x00000000f0000000)
  object space 524288K, 17% used [0x00000000d0000000,0x00000000d5874dd0,0x00000000f0000000)
 Metaspace       used 64949K, capacity 67402K, committed 67416K, reserved 1107968K
  class space    used 8258K, capacity 9080K, committed 9088K, reserved 1048576K
Event: 25.821 GC heap after
Heap after GC invocations=30 (full 3):
 PSYoungGen      total 211968K, used 19268K [0x00000000f0000000, 0x0000000100000000, 0x0000000100000000)
  eden space 163840K, 0% used [0x00000000f0000000,0x00000000f0000000,0x00000000fa000000)
  from space 48128K, 40% used [0x00000000fa000000,0x00000000fb2d1290,0x00000000fcf00000)
  to   space 45568K, 0% used [0x00000000fd380000,0x00000000fd380000,0x0000000100000000)
 ParOldGen       total 524288K, used 90587K [0x00000000d0000000, 0x00000000f0000000, 0x00000000f0000000)
  object space 524288K, 17% used [0x00000000d0000000,0x00000000d5876dd0,0x00000000f0000000)
 Metaspace       used 64949K, capacity 67402K, committed 67416K, reserved 1107968K
  class space    used 8258K, capacity 9080K, committed 9088K, reserved 1048576K
}
Event: 946.318 GC heap before
{Heap before GC invocations=31 (full 3):
 PSYoungGen      total 211968K, used 183108K [0x00000000f0000000, 0x0000000100000000, 0x0000000100000000)
  eden space 163840K, 100% used [0x00000000f0000000,0x00000000fa000000,0x00000000fa000000)
  from space 48128K, 40% used [0x00000000fa000000,0x00000000fb2d1290,0x00000000fcf00000)
  to   space 45568K, 0% used [0x00000000fd380000,0x00000000fd380000,0x0000000100000000)
 ParOldGen       total 524288K, used 90587K [0x00000000d0000000, 0x00000000f0000000, 0x00000000f0000000)
  object space 524288K, 17% used [0x00000000d0000000,0x00000000d5876dd0,0x00000000f0000000)
 Metaspace       used 66359K, capacity 69204K, committed 69336K, reserved 1110016K
  class space    used 8474K, capacity 9402K, committed 9472K, reserved 1048576K
Event: 946.335 GC heap after
Heap after GC invocations=31 (full 3):
 PSYoungGen      total 218624K, used 21565K [0x00000000f0000000, 0x0000000100000000, 0x0000000100000000)
  eden space 173056K, 0% used [0x00000000f0000000,0x00000000f0000000,0x00000000fa900000)
  from space 45568K, 47% used [0x00000000fd380000,0x00000000fe88f438,0x0000000100000000)
  to   space 43520K, 0% used [0x00000000fa900000,0x00000000fa900000,0x00000000fd380000)
 ParOldGen       total 524288K, used 90595K [0x00000000d0000000, 0x00000000f0000000, 0x00000000f0000000)
  object space 524288K, 17% used [0x00000000d0000000,0x00000000d5878dd0,0x00000000f0000000)
 Metaspace       used 66359K, capacity 69204K, committed 69336K, reserved 1110016K
  class space    used 8474K, capacity 9402K, committed 9472K, reserved 1048576K
}
Event: 1406.722 GC heap before
{Heap before GC invocations=32 (full 3):
 PSYoungGen      total 218624K, used 194621K [0x00000000f0000000, 0x0000000100000000, 0x0000000100000000)
  eden space 173056K, 100% used [0x00000000f0000000,0x00000000fa900000,0x00000000fa900000)
  from space 45568K, 47% used [0x00000000fd380000,0x00000000fe88f438,0x0000000100000000)
  to   space 43520K, 0% used [0x00000000fa900000,0x00000000fa900000,0x00000000fd380000)
 ParOldGen       total 524288K, used 90595K [0x00000000d0000000, 0x00000000f0000000, 0x00000000f0000000)
  object space 524288K, 17% used [0x00000000d0000000,0x00000000d5878dd0,0x00000000f0000000)
 Metaspace       used 67177K, capacity 70096K, committed 70232K, reserved 1110016K
  class space    used 8561K, capacity 9527K, committed 9600K, reserved 1048576K
Event: 1406.740 GC heap after
Heap after GC invocations=32 (full 3):
 PSYoungGen      total 216576K, used 25903K [0x00000000f0000000, 0x0000000100000000, 0x0000000100000000)
  eden space 173056K, 0% used [0x00000000f0000000,0x00000000f0000000,0x00000000fa900000)
  from space 43520K, 59% used [0x00000000fa900000,0x00000000fc24bd78,0x00000000fd380000)
  to   space 43520K, 0% used [0x00000000fd580000,0x00000000fd580000,0x0000000100000000)
 ParOldGen       total 524288K, used 90603K [0x00000000d0000000, 0x00000000f0000000, 0x00000000f0000000)
  object space 524288K, 17% used [0x00000000d0000000,0x00000000d587add0,0x00000000f0000000)
 Metaspace       used 67177K, capacity 70096K, committed 70232K, reserved 1110016K
  class space    used 8561K, capacity 9527K, committed 9600K, reserved 1048576K
}

