# JRE version: OpenJDK Runtime Environment (8.0_181-b13) (build 1.8.0_181-8u181-b13-0ubuntu0.18.04.1-b13)
# Java VM: OpenJDK 64-Bit Server VM (25.181-b13 mixed mode linux-amd64 compressed oops)
Heap:
 PSYoungGen      total 220160K, used 181041K [0x00000000f0000000, 0x0000000100000000, 0x0000000100000000)
  eden space 179200K, 93% used [0x00000000f0000000,0x00000000fa39fa10,0x00000000faf00000)
  from space 40960K, 32% used [0x00000000faf00000,0x00000000fbc2cb18,0x00000000fd700000)
  to   space 40960K, 0% used [0x00000000fd800000,0x00000000fd800000,0x0000000100000000)
 ParOldGen       total 524288K, used 111544K [0x00000000d0000000, 0x00000000f0000000, 0x00000000f0000000)
  object space 524288K, 21% used [0x00000000d0000000,0x00000000d6cee148,0x00000000f0000000)
 Metaspace       used 70035K, capacity 74968K, committed 75096K, reserved 1114112K
  class space    used 9138K, capacity 10790K, committed 10880K, reserved 1048576K
GC Heap History (10 events):
Event: 3442.115 GC heap before
{Heap before GC invocations=44 (full 3):
 PSYoungGen      total 218112K, used 195366K [0x00000000f0000000, 0x0000000100000000, 0x0000000100000000)
  eden space 173056K, 99% used [0x00000000f0000000,0x00000000fa8ffd80,0x00000000fa900000)
  from space 45056K, 49% used [0x00000000fd400000,0x00000000fe9c9ce0,0x0000000100000000)
  to   space 44032K, 0% used [0x00000000fa900000,0x00000000fa900000,0x00000000fd400000)
 ParOldGen       total 524288K, used 97901K [0x00000000d0000000, 0x00000000f0000000, 0x00000000f0000000)
  object space 524288K, 18% used [0x00000000d0000000,0x00000000d5f9b708,0x00000000f0000000)
 Metaspace       used 69328K, capacity 73920K, committed 74072K, reserved 1112064K
  class space    used 9013K, capacity 10533K, committed 10624K, reserved 1048576K
Event: 3442.128 GC heap after
Heap after GC invocations=44 (full 3):
 PSYoungGen      total 217088K, used 20325K [0x00000000f0000000, 0x0000000100000000, 0x0000000100000000)
  eden space 173056K, 0% used [0x00000000f0000000,0x00000000f0000000,0x00000000fa900000)
  from space 44032K, 46% used [0x00000000fa900000,0x00000000fbcd96f0,0x00000000fd400000)
  to   space 43008K, 0% used [0x00000000fd600000,0x00000000fd600000,0x0000000100000000)
 ParOldGen       total 524288K, used 99525K [0x00000000d0000000, 0x00000000f0000000, 0x00000000f0000000)
  object space 524288K, 18% used [0x00000000d0000000,0x00000000d6131748,0x00000000f0000000)
 Metaspace       used 69328K, capacity 73920K, committed 74072K, reserved 1112064K
  class space    used 9013K, capacity 10533K, committed 10624K, reserved 1048576K
}
Event: 3529.153 GC heap before
{Heap before GC invocations=45 (full 3):
 PSYoungGen      total 217088K, used 193381K [0x00000000f0000000, 0x0000000100000000, 0x0000000100000000)
  eden space 173056K, 100% used [0x00000000f0000000,0x00000000fa900000,0x00000000fa900000)
  from space 44032K, 46% used [0x00000000fa900000,0x00000000fbcd96f0,0x00000000fd400000)
  to   space 43008K, 0% used [0x00000000fd600000,0x00000000fd600000,0x0000000100000000)
 ParOldGen       total 524288K, used 99525K [0x00000000d0000000, 0x00000000f0000000, 0x00000000f0000000)
  object space 524288K, 18% used [0x00000000d0000000,0x00000000d6131748,0x00000000f0000000)
 Metaspace       used 69411K, capacity 74050K, committed 74328K, reserved 1114112K
  class space    used 9028K, capacity 10575K, committed 10624K, reserved 1048576K
Event: 3529.163 GC heap after
Heap after GC invocations=45 (full 3):
 PSYoungGen      total 219648K, used 18573K [0x00000000f0000000, 0x0000000100000000, 0x0000000100000000)
  eden space 176640K, 0% used [0x00000000f0000000,0x00000000f0000000,0x00000000fac80000)
  from space 43008K, 43% used [0x00000000fd600000,0x00000000fe823660,0x0000000100000000)
  to   space 42496K, 0% used [0x00000000fac80000,0x00000000fac80000,0x00000000fd600000)
 ParOldGen       total 524288K, used 101513K [0x00000000d0000000, 0x00000000f0000000, 0x00000000f0000000)
  object space 524288K, 19% used [0x00000000d0000000,0x00000000d63225c8,0x00000000f0000000)
 Metaspace       used 69411K, capacity 74050K, committed 74328K, reserved 1114112K
  class space    used 9028K, capacity 10575K, committed 10624K, reserved 1048576K
}
Event: 3640.568 GC heap before
{Heap before GC invocations=46 (full 3):
 PSYoungGen      total 219648K, used 195022K [0x00000000f0000000, 0x0000000100000000, 0x0000000100000000)
  eden space 176640K, 99% used [0x00000000f0000000,0x00000000fac50218,0x00000000fac80000)
  from space 43008K, 43% used [0x00000000fd600000,0x00000000fe823660,0x0000000100000000)
  to   space 42496K, 0% used [0x00000000fac80000,0x00000000fac80000,0x00000000fd600000)
 ParOldGen       total 524288K, used 101513K [0x00000000d0000000, 0x00000000f0000000, 0x00000000f0000000)
  object space 524288K, 19% used [0x00000000d0000000,0x00000000d63225c8,0x00000000f0000000)
 Metaspace       used 69546K, capacity 74270K, committed 74456K, reserved 1114112K
  class space    used 9056K, capacity 10635K, committed 10752K, reserved 1048576K
Event: 3640.582 GC heap after
Heap after GC invocations=46 (full 3):
 PSYoungGen      total 219136K, used 19077K [0x00000000f0000000, 0x0000000100000000, 0x0000000100000000)
  eden space 176640K, 0% used [0x00000000f0000000,0x00000000f0000000,0x00000000fac80000)
  from space 42496K, 44% used [0x00000000fac80000,0x00000000fbf21660,0x00000000fd600000)
  to   space 41984K, 0% used [0x00000000fd700000,0x00000000fd700000,0x0000000100000000)
 ParOldGen       total 524288K, used 102009K [0x00000000d0000000, 0x00000000f0000000, 0x00000000f0000000)
  object space 524288K, 19% used [0x00000000d0000000,0x00000000d639e638,0x00000000f0000000)
 Metaspace       used 69546K, capacity 74270K, committed 74456K, reserved 1114112K
  class space    used 9056K, capacity 10635K, committed 10752K, reserved 1048576K
}
Event: 3722.882 GC heap before
{Heap before GC invocations=47 (full 3):
 PSYoungGen      total 219136K, used 195717K [0x00000000f0000000, 0x0000000100000000, 0x0000000100000000)
  eden space 176640K, 100% used [0x00000000f0000000,0x00000000fac80000,0x00000000fac80000)
  from space 42496K, 44% used [0x00000000fac80000,0x00000000fbf21660,0x00000000fd600000)
  to   space 41984K, 0% used [0x00000000fd700000,0x00000000fd700000,0x0000000100000000)
 ParOldGen       total 524288K, used 102009K [0x00000000d0000000, 0x00000000f0000000, 0x00000000f0000000)
  object space 524288K, 19% used [0x00000000d0000000,0x00000000d639e638,0x00000000f0000000)
 Metaspace       used 69590K, capacity 74318K, committed 74456K, reserved 1114112K
  class space    used 9065K, capacity 10647K, committed 10752K, reserved 1048576K
Event: 3722.893 GC heap after
Heap after GC invocations=47 (full 3):
 PSYoungGen      total 221184K, used 18125K [0x00000000f0000000, 0x0000000100000000, 0x0000000100000000)
  eden space 179200K, 0% used [0x00000000f0000000,0x00000000f0000000,0x00000000faf00000)
  from space 41984K, 43% used [0x00000000fd700000,0x00000000fe8b3640,0x0000000100000000)
  to   space 40960K, 0% used [0x00000000faf00000,0x00000000faf00000,0x00000000fd700000)
 ParOldGen       total 524288K, used 103084K [0x00000000d0000000, 0x00000000f0000000, 0x00000000f0000000)
  object space 524288K, 19% used [0x00000000d0000000,0x00000000d64ab098,0x00000000f0000000)
 Metaspace       used 69590K, capacity 74318K, committed 74456K, reserved 1114112K
  class space    used 9065K, capacity 10647K, committed 10752K, reserved 1048576K
}
Event: 3955.826 GC heap before
{Heap before GC invocations=48 (full 3):
 PSYoungGen      total 221184K, used 197325K [0x00000000f0000000, 0x0000000100000000, 0x0000000100000000)
  eden space 179200K, 100% used [0x00000000f0000000,0x00000000faf00000,0x00000000faf00000)
  from space 41984K, 43% used [0x00000000fd700000,0x00000000fe8b3640,0x0000000100000000)
  to   space 40960K, 0% used [0x00000000faf00000,0x00000000faf00000,0x00000000fd700000)
 ParOldGen       total 524288K, used 103084K [0x00000000d0000000, 0x00000000f0000000, 0x00000000f0000000)
  object space 524288K, 19% used [0x00000000d0000000,0x00000000d64ab098,0x00000000f0000000)
 Metaspace       used 69913K, capacity 74724K, committed 74968K, reserved 1114112K
  class space    used 9107K, capacity 10732K, committed 10752K, reserved 1048576K
Event: 3955.839 GC heap after
Heap after GC invocations=48 (full 3):
 PSYoungGen      total 220160K, used 13490K [0x00000000f0000000, 0x0000000100000000, 0x0000000100000000)
  eden space 179200K, 0% used [0x00000000f0000000,0x00000000f0000000,0x00000000faf00000)
  from space 40960K, 32% used [0x00000000faf00000,0x00000000fbc2cb18,0x00000000fd700000)
  to   space 40960K, 0% used [0x00000000fd800000,0x00000000fd800000,0x0000000100000000)
 ParOldGen       total 524288K, used 111544K [0x00000000d0000000, 0x00000000f0000000, 0x00000000f0000000)
  object space 524288K, 21% used [0x00000000d0000000,0x00000000d6cee148,0x00000000f0000000)
 Metaspace       used 69913K, capacity 74724K, committed 74968K, reserved 1114112K
  class space    used 9107K, capacity 10732K, committed 10752K, reserved 1048576K
}

